
/home/bvelasco/CovidVax_DM/covidvax_DM_pygformula_chunks.py:21: DtypeWarning: Columns (8,9,10,11,12,13,14,15,16,17) have mixed types. Specify dtype option on import or set low_memory=False.
  all_data = pd.read_csv('included_cohort_prep.csv')
/home/bvelasco/CovidVax_DM/covidvax_DM_pygformula_chunks.py:21: DtypeWarning: Columns (8,9,10,11,12,13,14,15,16,17) have mixed types. Specify dtype option on import or set low_memory=False.
  all_data = pd.read_csv('included_cohort_prep.csv')
1
2
3
start fitting parametric model.
start simulating.
+---------------------------------+---------+----------------------------------+----------------+---------------------+
|           Intervention          | NP mean | g-formula mean (NICE-parametric) | Mean Ratio(MR) | Mean Difference(MD) |
+---------------------------------+---------+----------------------------------+----------------+---------------------+
|       Natural course(ref)       |   nan   |             0.03411              |    1.00000     |       0.00000       |
|           Never treat           |    NA   |             0.05391              |    1.58061     |       0.01980       |
|    Treat on Vacuna only at t1   |    NA   |             0.03145              |    0.92205     |       -0.00266      |
| Treat on Vacuna only at t1 & t2 |    NA   |             0.03095              |    0.90754     |       -0.00315      |
|  Treat on Vacuna at t1, t2 & t3 |    NA   |             0.01815              |    0.53228     |       -0.01595      |
+---------------------------------+---------+----------------------------------+----------------+---------------------+
0:15:28.926967
1
2
3
start fitting parametric model.
start simulating.
+---------------------------------+---------+----------------------------------+----------------+---------------------+
|           Intervention          | NP mean | g-formula mean (NICE-parametric) | Mean Ratio(MR) | Mean Difference(MD) |
+---------------------------------+---------+----------------------------------+----------------+---------------------+
|       Natural course(ref)       |   nan   |             0.03440              |    1.00000     |       0.00000       |
|           Never treat           |    NA   |             0.05134              |    1.49238     |       0.01694       |
|    Treat on Vacuna only at t1   |    NA   |             0.03263              |    0.94861     |       -0.00177      |
| Treat on Vacuna only at t1 & t2 |    NA   |             0.03217              |    0.93519     |       -0.00223      |
|  Treat on Vacuna at t1, t2 & t3 |    NA   |             0.01906              |    0.55416     |       -0.01534      |
+---------------------------------+---------+----------------------------------+----------------+---------------------+
0:28:31.604673
1
2
3
start fitting parametric model.
start simulating.
+---------------------------------+---------+----------------------------------+----------------+---------------------+
|           Intervention          | NP mean | g-formula mean (NICE-parametric) | Mean Ratio(MR) | Mean Difference(MD) |
+---------------------------------+---------+----------------------------------+----------------+---------------------+
|       Natural course(ref)       |   nan   |             0.03361              |    1.00000     |       0.00000       |
|           Never treat           |    NA   |             0.05172              |    1.53868     |       0.01811       |
|    Treat on Vacuna only at t1   |    NA   |             0.03106              |    0.92421     |       -0.00255      |
| Treat on Vacuna only at t1 & t2 |    NA   |             0.03057              |    0.90941     |       -0.00304      |
|  Treat on Vacuna at t1, t2 & t3 |    NA   |             0.01928              |    0.57364     |       -0.01433      |
+---------------------------------+---------+----------------------------------+----------------+---------------------+
0:39:52.270833
1
2
3
start fitting parametric model.
start simulating.
+---------------------------------+---------+----------------------------------+----------------+---------------------+
|           Intervention          | NP mean | g-formula mean (NICE-parametric) | Mean Ratio(MR) | Mean Difference(MD) |
+---------------------------------+---------+----------------------------------+----------------+---------------------+
|       Natural course(ref)       |   nan   |             0.03279              |    1.00000     |       0.00000       |
|           Never treat           |    NA   |             0.05107              |    1.55713     |       0.01827       |
|    Treat on Vacuna only at t1   |    NA   |             0.03090              |    0.94221     |       -0.00190      |
| Treat on Vacuna only at t1 & t2 |    NA   |             0.03043              |    0.92776     |       -0.00237      |
|  Treat on Vacuna at t1, t2 & t3 |    NA   |             0.01903              |    0.58016     |       -0.01377      |
+---------------------------------+---------+----------------------------------+----------------+---------------------+
0:51:32.994207
1
2
3
start fitting parametric model.
start simulating.
+---------------------------------+---------+----------------------------------+----------------+---------------------+
|           Intervention          | NP mean | g-formula mean (NICE-parametric) | Mean Ratio(MR) | Mean Difference(MD) |
+---------------------------------+---------+----------------------------------+----------------+---------------------+
|       Natural course(ref)       |   nan   |             0.03306              |    1.00000     |       0.00000       |
|           Never treat           |    NA   |             0.05270              |    1.59402     |       0.01964       |
|    Treat on Vacuna only at t1   |    NA   |             0.03096              |    0.93648     |       -0.00210      |
| Treat on Vacuna only at t1 & t2 |    NA   |             0.03044              |    0.92083     |       -0.00262      |
|  Treat on Vacuna at t1, t2 & t3 |    NA   |             0.02002              |    0.60567     |       -0.01304      |
+---------------------------------+---------+----------------------------------+----------------+---------------------+
1:05:00.524377
1
2
3
start fitting parametric model.
start simulating.
+---------------------------------+---------+----------------------------------+----------------+---------------------+
|           Intervention          | NP mean | g-formula mean (NICE-parametric) | Mean Ratio(MR) | Mean Difference(MD) |
+---------------------------------+---------+----------------------------------+----------------+---------------------+
|       Natural course(ref)       |   nan   |             0.03266              |    1.00000     |       0.00000       |
|           Never treat           |    NA   |             0.05188              |    1.58839     |       0.01922       |
|    Treat on Vacuna only at t1   |    NA   |             0.03012              |    0.92211     |       -0.00254      |
| Treat on Vacuna only at t1 & t2 |    NA   |             0.02958              |    0.90569     |       -0.00308      |
|  Treat on Vacuna at t1, t2 & t3 |    NA   |             0.01919              |    0.58751     |       -0.01347      |
+---------------------------------+---------+----------------------------------+----------------+---------------------+
1:18:32.432739
1
2
3
start fitting parametric model.
start simulating.
+---------------------------------+---------+----------------------------------+----------------+---------------------+
|           Intervention          | NP mean | g-formula mean (NICE-parametric) | Mean Ratio(MR) | Mean Difference(MD) |
+---------------------------------+---------+----------------------------------+----------------+---------------------+
|       Natural course(ref)       |   nan   |             0.03833              |    1.00000     |       0.00000       |
|           Never treat           |    NA   |             0.05607              |    1.46297     |       0.01774       |
|    Treat on Vacuna only at t1   |    NA   |             0.03634              |    0.94823     |       -0.00198      |
| Treat on Vacuna only at t1 & t2 |    NA   |             0.03586              |    0.93556     |       -0.00247      |
|  Treat on Vacuna at t1, t2 & t3 |    NA   |             0.02212              |    0.57715     |       -0.01621      |
+---------------------------------+---------+----------------------------------+----------------+---------------------+
1:30:11.764343
1
2
3
start fitting parametric model.
start simulating.
1
2
3
start fitting parametric model.
start simulating.
+---------------------------------+---------+----------------------------------+----------------+---------------------+
|           Intervention          | NP risk | g-formula risk (NICE-parametric) | Risk Ratio(RR) | Risk Difference(RD) |
+---------------------------------+---------+----------------------------------+----------------+---------------------+
|       Natural course(ref)       | 0.04777 |             0.20669              |    1.00000     |       0.00000       |
|           Never treat           |    NA   |             0.27182              |    1.31510     |       0.06513       |
|    Treat on Vacuna only at t1   |    NA   |             0.20085              |    0.97176     |       -0.00584      |
| Treat on Vacuna only at t1 & t2 |    NA   |             0.19988              |    0.96707     |       -0.00681      |
|  Treat on Vacuna at t1, t2 & t3 |    NA   |             0.19659              |    0.95114     |       -0.01010      |
+---------------------------------+---------+----------------------------------+----------------+---------------------+
0:18:01.940377
1
2
3
start fitting parametric model.
start simulating.
+---------------------------------+---------+----------------------------------+----------------+---------------------+
|           Intervention          | NP risk | g-formula risk (NICE-parametric) | Risk Ratio(RR) | Risk Difference(RD) |
+---------------------------------+---------+----------------------------------+----------------+---------------------+
|       Natural course(ref)       | 0.04622 |             0.19135              |    1.00000     |       0.00000       |
|           Never treat           |    NA   |             0.25451              |    1.33011     |       0.06317       |
|    Treat on Vacuna only at t1   |    NA   |             0.18602              |    0.97218     |       -0.00532      |
| Treat on Vacuna only at t1 & t2 |    NA   |             0.18506              |    0.96716     |       -0.00628      |
|  Treat on Vacuna at t1, t2 & t3 |    NA   |             0.18326              |    0.95774     |       -0.00809      |
+---------------------------------+---------+----------------------------------+----------------+---------------------+
0:34:35.281160
1
2
3
start fitting parametric model.
start simulating.
+---------------------------------+---------+----------------------------------+----------------+---------------------+
|           Intervention          | NP risk | g-formula risk (NICE-parametric) | Risk Ratio(RR) | Risk Difference(RD) |
+---------------------------------+---------+----------------------------------+----------------+---------------------+
|       Natural course(ref)       | 0.04723 |             0.19857              |    1.00000     |       0.00000       |
|           Never treat           |    NA   |             0.27268              |    1.37321     |       0.07411       |
|    Treat on Vacuna only at t1   |    NA   |             0.19037              |    0.95869     |       -0.00820      |
| Treat on Vacuna only at t1 & t2 |    NA   |             0.18916              |    0.95258     |       -0.00942      |
|  Treat on Vacuna at t1, t2 & t3 |    NA   |             0.18429              |    0.92808     |       -0.01428      |
+---------------------------------+---------+----------------------------------+----------------+---------------------+
0:49:48.759779
1
2
3
start fitting parametric model.
start simulating.
+---------------------------------+---------+----------------------------------+----------------+---------------------+
|           Intervention          | NP risk | g-formula risk (NICE-parametric) | Risk Ratio(RR) | Risk Difference(RD) |
+---------------------------------+---------+----------------------------------+----------------+---------------------+
|       Natural course(ref)       | 0.04709 |             0.20343              |    1.00000     |       0.00000       |
|           Never treat           |    NA   |             0.26586              |    1.30687     |       0.06243       |
|    Treat on Vacuna only at t1   |    NA   |             0.19706              |    0.96870     |       -0.00637      |
| Treat on Vacuna only at t1 & t2 |    NA   |             0.19612              |    0.96407     |       -0.00731      |
|  Treat on Vacuna at t1, t2 & t3 |    NA   |             0.19297              |    0.94860     |       -0.01046      |
+---------------------------------+---------+----------------------------------+----------------+---------------------+
1:05:51.194120
1
2
3
start fitting parametric model.
start simulating.
+---------------------------------+---------+----------------------------------+----------------+---------------------+
|           Intervention          | NP risk | g-formula risk (NICE-parametric) | Risk Ratio(RR) | Risk Difference(RD) |
+---------------------------------+---------+----------------------------------+----------------+---------------------+
|       Natural course(ref)       | 0.04745 |             0.19669              |    1.00000     |       0.00000       |
|           Never treat           |    NA   |             0.25083              |    1.27523     |       0.05414       |
|    Treat on Vacuna only at t1   |    NA   |             0.19184              |    0.97531     |       -0.00486      |
| Treat on Vacuna only at t1 & t2 |    NA   |             0.19103              |    0.97119     |       -0.00567      |
|  Treat on Vacuna at t1, t2 & t3 |    NA   |             0.18698              |    0.95064     |       -0.00971      |
+---------------------------------+---------+----------------------------------+----------------+---------------------+
1:22:56.593039
1
2
3
start fitting parametric model.
start simulating.
+---------------------------------+---------+----------------------------------+----------------+---------------------+
|           Intervention          | NP risk | g-formula risk (NICE-parametric) | Risk Ratio(RR) | Risk Difference(RD) |
+---------------------------------+---------+----------------------------------+----------------+---------------------+
|       Natural course(ref)       | 0.04754 |             0.20490              |    1.00000     |       0.00000       |
|           Never treat           |    NA   |             0.26465              |    1.29159     |       0.05975       |
|    Treat on Vacuna only at t1   |    NA   |             0.19981              |    0.97517     |       -0.00509      |
| Treat on Vacuna only at t1 & t2 |    NA   |             0.19909              |    0.97161     |       -0.00582      |
|  Treat on Vacuna at t1, t2 & t3 |    NA   |             0.19591              |    0.95610     |       -0.00900      |
+---------------------------------+---------+----------------------------------+----------------+---------------------+
1:38:47.405880
1
2
3
start fitting parametric model.
start simulating.
+---------------------------------+---------+----------------------------------+----------------+---------------------+
|           Intervention          | NP risk | g-formula risk (NICE-parametric) | Risk Ratio(RR) | Risk Difference(RD) |
+---------------------------------+---------+----------------------------------+----------------+---------------------+
|       Natural course(ref)       | 0.04763 |             0.19510              |    1.00000     |       0.00000       |
|           Never treat           |    NA   |             0.24753              |    1.26870     |       0.05242       |
|    Treat on Vacuna only at t1   |    NA   |             0.18945              |    0.97104     |       -0.00565      |
| Treat on Vacuna only at t1 & t2 |    NA   |             0.18861              |    0.96671     |       -0.00649      |
|  Treat on Vacuna at t1, t2 & t3 |    NA   |             0.18355              |    0.94081     |       -0.01155      |
+---------------------------------+---------+----------------------------------+----------------+---------------------+
1:54:24.418604
1
2
3
start fitting parametric model.
start simulating.
+---------------------------------+---------+----------------------------------+----------------+---------------------+
|           Intervention          | NP mean | g-formula mean (NICE-parametric) | Mean Ratio(MR) | Mean Difference(MD) |
+---------------------------------+---------+----------------------------------+----------------+---------------------+
|       Natural course(ref)       |   nan   |             0.03267              |    1.00000     |       0.00000       |
|           Never treat           |    NA   |             0.05265              |    1.61147     |       0.01998       |
|    Treat on Vacuna only at t1   |    NA   |             0.03065              |    0.93803     |       -0.00202      |
| Treat on Vacuna only at t1 & t2 |    NA   |             0.03014              |    0.92248     |       -0.00253      |
|  Treat on Vacuna at t1, t2 & t3 |    NA   |             0.01943              |    0.59480     |       -0.01324      |
+---------------------------------+---------+----------------------------------+----------------+---------------------+
1:41:37.313167
1
2
3
start fitting parametric model.
start simulating.
+---------------------------------+---------+----------------------------------+----------------+---------------------+
|           Intervention          | NP mean | g-formula mean (NICE-parametric) | Mean Ratio(MR) | Mean Difference(MD) |
+---------------------------------+---------+----------------------------------+----------------+---------------------+
|       Natural course(ref)       |   nan   |             0.03217              |    1.00000     |       0.00000       |
|           Never treat           |    NA   |             0.05155              |    1.60262     |       0.01938       |
|    Treat on Vacuna only at t1   |    NA   |             0.03005              |    0.93429     |       -0.00211      |
| Treat on Vacuna only at t1 & t2 |    NA   |             0.02954              |    0.91846     |       -0.00262      |
|  Treat on Vacuna at t1, t2 & t3 |    NA   |             0.01866              |    0.57999     |       -0.01351      |
+---------------------------------+---------+----------------------------------+----------------+---------------------+
1:54:44.301783
1
2
3
start fitting parametric model.
start simulating.
+---------------------------------+---------+----------------------------------+----------------+---------------------+
|           Intervention          | NP mean | g-formula mean (NICE-parametric) | Mean Ratio(MR) | Mean Difference(MD) |
+---------------------------------+---------+----------------------------------+----------------+---------------------+
|       Natural course(ref)       |   nan   |             0.03265              |    1.00000     |       0.00000       |
|           Never treat           |    NA   |             0.04991              |    1.52864     |       0.01726       |
|    Treat on Vacuna only at t1   |    NA   |             0.03066              |    0.93902     |       -0.00199      |
| Treat on Vacuna only at t1 & t2 |    NA   |             0.03018              |    0.92434     |       -0.00247      |
|  Treat on Vacuna at t1, t2 & t3 |    NA   |             0.01981              |    0.60678     |       -0.01284      |
+---------------------------------+---------+----------------------------------+----------------+---------------------+
2:08:15.356686
+---------------------------------+---------+----------------------------------+----------------+---------------------+
|           Intervention          | NP risk | g-formula risk (NICE-parametric) | Risk Ratio(RR) | Risk Difference(RD) |
+---------------------------------+---------+----------------------------------+----------------+---------------------+
|       Natural course(ref)       | 0.04721 |             0.19183              |    1.00000     |       0.00000       |
|           Never treat           |    NA   |             0.24941              |    1.30016     |       0.05758       |
|    Treat on Vacuna only at t1   |    NA   |             0.18571              |    0.96808     |       -0.00612      |
| Treat on Vacuna only at t1 & t2 |    NA   |             0.18474              |    0.96307     |       -0.00708      |
|  Treat on Vacuna at t1, t2 & t3 |    NA   |             0.18089              |    0.94300     |       -0.01093      |
+---------------------------------+---------+----------------------------------+----------------+---------------------+
2:10:12.037268
1
2
3
start fitting parametric model.
start simulating.
+---------------------------------+---------+----------------------------------+----------------+---------------------+
|           Intervention          | NP risk | g-formula risk (NICE-parametric) | Risk Ratio(RR) | Risk Difference(RD) |
+---------------------------------+---------+----------------------------------+----------------+---------------------+
|       Natural course(ref)       | 0.04786 |             0.19615              |    1.00000     |       0.00000       |
|           Never treat           |    NA   |             0.25070              |    1.27814     |       0.05456       |
|    Treat on Vacuna only at t1   |    NA   |             0.19250              |    0.98140     |       -0.00365      |
| Treat on Vacuna only at t1 & t2 |    NA   |             0.19220              |    0.97988     |       -0.00395      |
|  Treat on Vacuna at t1, t2 & t3 |    NA   |             0.18965              |    0.96689     |       -0.00649      |
+---------------------------------+---------+----------------------------------+----------------+---------------------+
2:22:43.313711
1
2
3
start fitting parametric model.
start simulating.
+---------------------------------+---------+----------------------------------+----------------+---------------------+
|           Intervention          | NP risk | g-formula risk (NICE-parametric) | Risk Ratio(RR) | Risk Difference(RD) |
+---------------------------------+---------+----------------------------------+----------------+---------------------+
|       Natural course(ref)       | 0.04818 |             0.19240              |    1.00000     |       0.00000       |
|           Never treat           |    NA   |             0.25288              |    1.31434     |       0.06048       |
|    Treat on Vacuna only at t1   |    NA   |             0.18636              |    0.96860     |       -0.00604      |
| Treat on Vacuna only at t1 & t2 |    NA   |             0.18558              |    0.96458     |       -0.00682      |
|  Treat on Vacuna at t1, t2 & t3 |    NA   |             0.18228              |    0.94742     |       -0.01012      |
+---------------------------------+---------+----------------------------------+----------------+---------------------+
2:34:37.225684
